g:\documents\code\mymap\app\debug\vc141.pdb
g:\documents\code\mymap\app\debug\vc141.idb
g:\documents\code\mymap\app\debug\app.obj
g:\documents\code\mymap\debug\app.pdb
g:\documents\code\mymap\app\debug\app.tlog\cl.command.1.tlog
g:\documents\code\mymap\app\debug\app.tlog\cl.read.1.tlog
g:\documents\code\mymap\app\debug\app.tlog\cl.write.1.tlog
g:\documents\code\mymap\app\debug\app.tlog\link-cvtres.read.1.tlog
g:\documents\code\mymap\app\debug\app.tlog\link-cvtres.write.1.tlog
g:\documents\code\mymap\app\debug\app.tlog\link-rc.read.1.tlog
g:\documents\code\mymap\app\debug\app.tlog\link-rc.write.1.tlog
g:\documents\code\mymap\app\debug\app.tlog\link.6828-cvtres.read.1.tlog
g:\documents\code\mymap\app\debug\app.tlog\link.6828-cvtres.write.1.tlog
g:\documents\code\mymap\app\debug\app.tlog\link.6828-rc.read.1.tlog
g:\documents\code\mymap\app\debug\app.tlog\link.6828-rc.write.1.tlog
g:\documents\code\mymap\app\debug\app.tlog\link.6828.read.1.tlog
g:\documents\code\mymap\app\debug\app.tlog\link.6828.write.1.tlog
g:\documents\code\mymap\app\debug\app.tlog\link.command.1.tlog
g:\documents\code\mymap\app\debug\app.tlog\link.read.1.tlog
g:\documents\code\mymap\app\debug\app.tlog\link.write.1.tlog
